2024-11-13T20:18:58.303Z - ERROR: Failed to send email to test@example.com: Bad Request (400)
  Invalid from email address
    from
    null
2024-11-13T20:21:13.665Z - ERROR: Failed to send email to test@example.com: Forbidden (403)
  The from address does not match a verified Sender Identity. Mail cannot be sent until this error is resolved. Visit https://sendgrid.com/docs/for-developers/sending-email/sender-identity/ to see the Sender Identity requirements
    from
    null
2024-11-13T20:21:54.424Z - ERROR: Failed to send email to test@example.com: Forbidden (403)
  The from address does not match a verified Sender Identity. Mail cannot be sent until this error is resolved. Visit https://sendgrid.com/docs/for-developers/sending-email/sender-identity/ to see the Sender Identity requirements
    from
    null
2024-11-13T20:22:30.773Z - ERROR: Failed to send email to amardnagargoje@gmail.com: Forbidden (403)
  The from address does not match a verified Sender Identity. Mail cannot be sent until this error is resolved. Visit https://sendgrid.com/docs/for-developers/sending-email/sender-identity/ to see the Sender Identity requirements
    from
    null
2024-11-13T20:23:25.483Z - ERROR: Failed to send email to amardnagargoje@gmail.com: Forbidden (403)
  The from address does not match a verified Sender Identity. Mail cannot be sent until this error is resolved. Visit https://sendgrid.com/docs/for-developers/sending-email/sender-identity/ to see the Sender Identity requirements
    from
    null
2024-11-13T20:23:54.497Z - ERROR: Failed to send email to amardnagargoje@gmail.com: Forbidden (403)
  The from address does not match a verified Sender Identity. Mail cannot be sent until this error is resolved. Visit https://sendgrid.com/docs/for-developers/sending-email/sender-identity/ to see the Sender Identity requirements
    from
    null
